生成启动时间为 2019/6/5 15:45:01。
     1>项目“D:\ziliao\摄影测量\RS_110_ZRX_OrientationOfRe_Ob\RS_110_ZRX_OrientationOfRe_Ob\RS_110_ZRX_OrientationOfRe_Ob.vcxproj”在节点 2 上(build 个目标)。
     1>InitializeBuildStatus:
         正在创建“Debug\RS_110_ZRX_OrientationOfRe_Ob.unsuccessfulbuild”，因为已指定“AlwaysCreate”。
       ClCompile:
         所有输出均为最新。
         d:\Program Files (x86)\Microsoft Visual Studio 10.0\VC\bin\CL.exe /c /ZI /nologo /W3 /WX- /Od /Oy- /D WIN32 /D _WINDOWS /D _DEBUG /D _UNICODE /D UNICODE /D _AFXDLL /Gm /EHsc /RTC1 /MDd /GS /fp:precise /Zc:wchar_t /Zc:forScope /Yu"StdAfx.h" /Fp"Debug\RS_110_ZRX_OrientationOfRe_Ob.pch" /Fo"Debug\\" /Fd"Debug\vc100.pdb" /Gd /TP /analyze- /errorReport:prompt Support.cpp
         Support.cpp
       ResourceCompile:
         所有输出均为最新。
       ManifestResourceCompile:
         所有输出均为最新。
       Link:
         d:\Program Files (x86)\Microsoft Visual Studio 10.0\VC\bin\link.exe /ERRORREPORT:PROMPT /OUT:"D:\ziliao\摄影测量\RS_110_ZRX_OrientationOfRe_Ob\Debug\RS_110_ZRX_OrientationOfRe_Ob.exe" /INCREMENTAL /NOLOGO /MANIFEST /ManifestFile:"Debug\RS_110_ZRX_OrientationOfRe_Ob.exe.intermediate.manifest" /MANIFESTUAC:"level='asInvoker' uiAccess='false'" /DEBUG /PDB:"D:\ziliao\摄影测量\RS_110_ZRX_OrientationOfRe_Ob\Debug\RS_110_ZRX_OrientationOfRe_Ob.pdb" /SUBSYSTEM:WINDOWS /TLBID:1 /ENTRY:"wWinMainCRTStartup" /DYNAMICBASE /NXCOMPAT /IMPLIB:"D:\ziliao\摄影测量\RS_110_ZRX_OrientationOfRe_Ob\Debug\RS_110_ZRX_OrientationOfRe_Ob.lib" /MACHINE:X86 Debug\RS_110_ZRX_OrientationOfRe_Ob.res
         Debug\RS_110_ZRX_OrientationOfRe_Ob.exe.embed.manifest.res
         Debug\Data.obj
         Debug\Matrix.obj
         Debug\RS_110_ZRX_OrientationOfRe_Ob.obj
         Debug\RS_110_ZRX_OrientationOfRe_ObDlg.obj
         Debug\stdafx.obj
         Debug\Support.obj
       Manifest:
         C:\Program Files (x86)\Microsoft SDKs\Windows\v7.0A\bin\mt.exe /nologo /verbose /out:"Debug\RS_110_ZRX_OrientationOfRe_Ob.exe.embed.manifest" /manifest Debug\RS_110_ZRX_OrientationOfRe_Ob.exe.intermediate.manifest "d:\Program Files (x86)\Microsoft Visual Studio 10.0\VC\Include\Manifest\dpiaware.manifest"
         所有输出均为最新。
       LinkEmbedManifest:
         所有输出均为最新。
         RS_110_ZRX_OrientationOfRe_Ob.vcxproj -> D:\ziliao\摄影测量\RS_110_ZRX_OrientationOfRe_Ob\Debug\RS_110_ZRX_OrientationOfRe_Ob.exe
       FinalizeBuildStatus:
         正在删除文件“Debug\RS_110_ZRX_OrientationOfRe_Ob.unsuccessfulbuild”。
         正在对“Debug\RS_110_ZRX_OrientationOfRe_Ob.lastbuildstate”执行 Touch 任务。
     1>已完成生成项目“D:\ziliao\摄影测量\RS_110_ZRX_OrientationOfRe_Ob\RS_110_ZRX_OrientationOfRe_Ob\RS_110_ZRX_OrientationOfRe_Ob.vcxproj”(build 个目标)的操作。

生成成功。

已用时间 00:00:02.78
